<?xml version="1.0" encoding="UTF-8"?>
<testsuite name="runner.ServiceLibraryIntegrationTests" time="0.003" tests="11" errors="0" skipped="0" failures="0">
  <properties>
[...]
</properties>
  <testcase name="Given User creates a folder structure C:\ConfigureTest" classname="Given User creates a folder structure C:\ConfigureTest(| C:\ConfigureTest |)" time="0.001"/>
  <testcase name="Given User creates a folder structure C:\ConfigureTest" classname="Given User creates a folder structure C:\ConfigureTest(| C:\ConfigureTest |)" time="0"/>
  <testcase name="Given User creates a folder structure C:\ConfigureTest" classname="Given User creates a folder structure C:\ConfigureTest(| C:\ConfigureTest |)" time="0"/>
  <testcase name="Then User reads the contents of the file C:\ConfigureTest" classname="Then User reads the contents of the file C:\ConfigureTest(| C:\ConfigureTest |)" time="0.001"/>
  <testcase name="Then User reads the contents of the file C:\ConfigureTest" classname="Then User reads the contents of the file C:\ConfigureTest(| C:\ConfigureTest |)" time="0"/>
  <testcase name="Then User reads the contents of the file C:\ConfigureTest" classname="Then User reads the contents of the file C:\ConfigureTest(| C:\ConfigureTest |)" time="0"/>
  <testcase name="| C:\ConfigureTest |" classname="| C:\ConfigureTest |" time="0.001"/>
  <testcase name="| C:\ConfigureTest |" classname="| C:\ConfigureTest |" time="0"/>
  <testcase name="| C:\ConfigureTest |" classname="| C:\ConfigureTest |" time="0"/>
  <testcase name="Then User should then be able to verify Car details C:\ConfigureTest" classname="Then User should then be able to verify Car details C:\ConfigureTest(| C:\ConfigureTest |)" time="0"/>
  <testcase name="Then Display File types and MIME types for all Files in C:\ConfigureTest" classname="Then Display File types and MIME types for all Files in C:\ConfigureTest(| C:\ConfigureTest |)" time="0"/>
</testsuite>